{
  message: '🛢   Database is connected successfully',
  level: 'info',
  label: 'UM',
  timestamp: '2023-06-28T21:23:50.463Z'
}
{
  message: 'Application  listening on port 5000',
  level: 'info',
  label: 'UM',
  timestamp: '2023-06-28T21:23:50.469Z'
}
{
  message: '🛢   Database is connected successfully',
  level: 'info',
  label: 'UM',
  timestamp: '2023-06-28T21:24:54.896Z'
}
{
  message: 'Application  listening on port 5000',
  level: 'info',
  label: 'UM',
  timestamp: '2023-06-28T21:24:54.901Z'
}
{
  message: '🛢   Database is connected successfully',
  level: 'info',
  label: 'UM',
  timestamp: '2023-06-28T21:32:30.075Z'
}
{
  message: 'Application  listening on port 5000',
  level: 'info',
  label: 'UM',
  timestamp: '2023-06-28T21:32:30.080Z'
}
